# JRE version: OpenJDK Runtime Environment (8.0_242-b01) (build 1.8.0_242-release-1644-b01)
# Java VM: OpenJDK 64-Bit Server VM (25.242-b01 mixed mode windows-amd64 compressed oops)
Heap:
 PSYoungGen      total 286208K, used 16876K [0x00000000d5580000, 0x00000000e9000000, 0x0000000100000000)
  eden space 269312K, 0% used [0x00000000d5580000,0x00000000d5580000,0x00000000e5c80000)
  from space 16896K, 99% used [0x00000000e7280000,0x00000000e82fb320,0x00000000e8300000)
  to   space 22528K, 0% used [0x00000000e5c80000,0x00000000e5c80000,0x00000000e7280000)
 ParOldGen       total 53760K, used 27141K [0x0000000080000000, 0x0000000083480000, 0x00000000d5580000)
  object space 53760K, 50% used [0x0000000080000000,0x0000000081a81408,0x0000000083480000)
 Metaspace       used 56482K, capacity 59002K, committed 59096K, reserved 1099776K
  class space    used 7463K, capacity 7977K, committed 8064K, reserved 1048576K
GC Heap History (10 events):
Event: 11.117 GC heap after
Heap after GC invocations=8 (full 1):
 PSYoungGen      total 140800K, used 10224K [0x00000000d5580000, 0x00000000e3b00000, 0x0000000100000000)
  eden space 130560K, 0% used [0x00000000d5580000,0x00000000d5580000,0x00000000dd500000)
  from space 10240K, 99% used [0x00000000dd500000,0x00000000ddefc2b8,0x00000000ddf00000)
  to   space 13824K, 0% used [0x00000000e2d80000,0x00000000e2d80000,0x00000000e3b00000)
 ParOldGen       total 44544K, used 18190K [0x0000000080000000, 0x0000000082b80000, 0x00000000d5580000)
  object space 44544K, 40% used [0x0000000080000000,0x00000000811c3ab0,0x0000000082b80000)
 Metaspace       used 32804K, capacity 34062K, committed 34304K, reserved 1079296K
  class space    used 4519K, capacity 4828K, committed 4864K, reserved 1048576K
}
Event: 11.371 GC heap before
{Heap before GC invocations=9 (full 1):
 PSYoungGen      total 140800K, used 20834K [0x00000000d5580000, 0x00000000e3b00000, 0x0000000100000000)
  eden space 130560K, 8% used [0x00000000d5580000,0x00000000d5fdc7e0,0x00000000dd500000)
  from space 10240K, 99% used [0x00000000dd500000,0x00000000ddefc2b8,0x00000000ddf00000)
  to   space 13824K, 0% used [0x00000000e2d80000,0x00000000e2d80000,0x00000000e3b00000)
 ParOldGen       total 44544K, used 18190K [0x0000000080000000, 0x0000000082b80000, 0x00000000d5580000)
  object space 44544K, 40% used [0x0000000080000000,0x00000000811c3ab0,0x0000000082b80000)
 Metaspace       used 34201K, capacity 35444K, committed 35456K, reserved 1079296K
  class space    used 4649K, capacity 4989K, committed 4992K, reserved 1048576K
Event: 11.379 GC heap after
Heap after GC invocations=9 (full 1):
 PSYoungGen      total 222208K, used 6793K [0x00000000d5580000, 0x00000000e4600000, 0x0000000100000000)
  eden space 208384K, 0% used [0x00000000d5580000,0x00000000d5580000,0x00000000e2100000)
  from space 13824K, 49% used [0x00000000e2d80000,0x00000000e3422618,0x00000000e3b00000)
  to   space 12800K, 0% used [0x00000000e2100000,0x00000000e2100000,0x00000000e2d80000)
 ParOldGen       total 44544K, used 18198K [0x0000000080000000, 0x0000000082b80000, 0x00000000d5580000)
  object space 44544K, 40% used [0x0000000080000000,0x00000000811c5ab0,0x0000000082b80000)
 Metaspace       used 34201K, capacity 35444K, committed 35456K, reserved 1079296K
  class space    used 4649K, capacity 4989K, committed 4992K, reserved 1048576K
}
Event: 11.379 GC heap before
{Heap before GC invocations=10 (full 2):
 PSYoungGen      total 222208K, used 6793K [0x00000000d5580000, 0x00000000e4600000, 0x0000000100000000)
  eden space 208384K, 0% used [0x00000000d5580000,0x00000000d5580000,0x00000000e2100000)
  from space 13824K, 49% used [0x00000000e2d80000,0x00000000e3422618,0x00000000e3b00000)
  to   space 12800K, 0% used [0x00000000e2100000,0x00000000e2100000,0x00000000e2d80000)
 ParOldGen       total 44544K, used 18198K [0x0000000080000000, 0x0000000082b80000, 0x00000000d5580000)
  object space 44544K, 40% used [0x0000000080000000,0x00000000811c5ab0,0x0000000082b80000)
 Metaspace       used 34201K, capacity 35444K, committed 35456K, reserved 1079296K
  class space    used 4649K, capacity 4989K, committed 4992K, reserved 1048576K
Event: 11.446 GC heap after
Heap after GC invocations=10 (full 2):
 PSYoungGen      total 222208K, used 0K [0x00000000d5580000, 0x00000000e4600000, 0x0000000100000000)
  eden space 208384K, 0% used [0x00000000d5580000,0x00000000d5580000,0x00000000e2100000)
  from space 13824K, 0% used [0x00000000e2d80000,0x00000000e2d80000,0x00000000e3b00000)
  to   space 12800K, 0% used [0x00000000e2100000,0x00000000e2100000,0x00000000e2d80000)
 ParOldGen       total 53760K, used 14128K [0x0000000080000000, 0x0000000083480000, 0x00000000d5580000)
  object space 53760K, 26% used [0x0000000080000000,0x0000000080dcc000,0x0000000083480000)
 Metaspace       used 34201K, capacity 35444K, committed 35456K, reserved 1079296K
  class space    used 4649K, capacity 4989K, committed 4992K, reserved 1048576K
}
Event: 17.862 GC heap before
{Heap before GC invocations=11 (full 2):
 PSYoungGen      total 222208K, used 208384K [0x00000000d5580000, 0x00000000e4600000, 0x0000000100000000)
  eden space 208384K, 100% used [0x00000000d5580000,0x00000000e2100000,0x00000000e2100000)
  from space 13824K, 0% used [0x00000000e2d80000,0x00000000e2d80000,0x00000000e3b00000)
  to   space 12800K, 0% used [0x00000000e2100000,0x00000000e2100000,0x00000000e2d80000)
 ParOldGen       total 53760K, used 14128K [0x0000000080000000, 0x0000000083480000, 0x00000000d5580000)
  object space 53760K, 26% used [0x0000000080000000,0x0000000080dcc000,0x0000000083480000)
 Metaspace       used 45404K, capacity 47538K, committed 47872K, reserved 1091584K
  class space    used 6091K, capacity 6544K, committed 6656K, reserved 1048576K
Event: 17.883 GC heap after
Heap after GC invocations=11 (full 2):
 PSYoungGen      total 221184K, used 12771K [0x00000000d5580000, 0x00000000e8300000, 0x0000000100000000)
  eden space 208384K, 0% used [0x00000000d5580000,0x00000000d5580000,0x00000000e2100000)
  from space 12800K, 99% used [0x00000000e2100000,0x00000000e2d78d00,0x00000000e2d80000)
  to   space 16896K, 0% used [0x00000000e7280000,0x00000000e7280000,0x00000000e8300000)
 ParOldGen       total 53760K, used 19158K [0x0000000080000000, 0x0000000083480000, 0x00000000d5580000)
  object space 53760K, 35% used [0x0000000080000000,0x00000000812b58f8,0x0000000083480000)
 Metaspace       used 45404K, capacity 47538K, committed 47872K, reserved 1091584K
  class space    used 6091K, capacity 6544K, committed 6656K, reserved 1048576K
}
Event: 21.151 GC heap before
{Heap before GC invocations=12 (full 2):
 PSYoungGen      total 221184K, used 137294K [0x00000000d5580000, 0x00000000e8300000, 0x0000000100000000)
  eden space 208384K, 59% used [0x00000000d5580000,0x00000000dcf1aec0,0x00000000e2100000)
  from space 12800K, 99% used [0x00000000e2100000,0x00000000e2d78d00,0x00000000e2d80000)
  to   space 16896K, 0% used [0x00000000e7280000,0x00000000e7280000,0x00000000e8300000)
 ParOldGen       total 53760K, used 19158K [0x0000000080000000, 0x0000000083480000, 0x00000000d5580000)
  object space 53760K, 35% used [0x0000000080000000,0x00000000812b58f8,0x0000000083480000)
 Metaspace       used 56482K, capacity 59002K, committed 59096K, reserved 1099776K
  class space    used 7463K, capacity 7977K, committed 8064K, reserved 1048576K
Event: 21.206 GC heap after
Heap after GC invocations=12 (full 2):
 PSYoungGen      total 286208K, used 16876K [0x00000000d5580000, 0x00000000e9000000, 0x0000000100000000)
  eden space 269312K, 0% used [0x00000000d5580000,0x00000000d5580000,0x00000000e5c80000)
  from space 16896K, 99% used [0x00000000e7280000,0x00000000e82fb320,0x00000000e8300000)
  to   space 22528K, 0% used [0x00000000e5c80000,0x00000000e5c80000,0x00000000e7280000)
 ParOldGen       total 53760K, used 27141K [0x0000000080000000, 0x0000000083480000, 0x00000000d5580000)
  object space 53760K, 50% used [0x0000000080000000,0x0000000081a81408,0x0000000083480000)
 Metaspace       used 56482K, capacity 59002K, committed 59096K, reserved 1099776K
  class space    used 7463K, capacity 7977K, committed 8064K, reserved 1048576K
}
Event: 21.206 GC heap before
{Heap before GC invocations=13 (full 3):
 PSYoungGen      total 286208K, used 16876K [0x00000000d5580000, 0x00000000e9000000, 0x0000000100000000)
  eden space 269312K, 0% used [0x00000000d5580000,0x00000000d5580000,0x00000000e5c80000)
  from space 16896K, 99% used [0x00000000e7280000,0x00000000e82fb320,0x00000000e8300000)
  to   space 22528K, 0% used [0x00000000e5c80000,0x00000000e5c80000,0x00000000e7280000)
 ParOldGen       total 53760K, used 27141K [0x0000000080000000, 0x0000000083480000, 0x00000000d5580000)
  object space 53760K, 50% used [0x0000000080000000,0x0000000081a81408,0x0000000083480000)
 Metaspace       used 56482K, capacity 59002K, committed 59096K, reserved 1099776K
  class space    used 7463K, capacity 7977K, committed 8064K, reserved 1048576K

