# JRE version: OpenJDK Runtime Environment (8.0_242-b01) (build 1.8.0_242-release-1644-b01)
# Java VM: OpenJDK 64-Bit Server VM (25.242-b01 mixed mode windows-amd64 compressed oops)
Heap:
 PSYoungGen      total 362496K, used 18032K [0x00000000d5580000, 0x00000000ed680000, 0x0000000100000000)
  eden space 332800K, 0% used [0x00000000d5580000,0x00000000d5580000,0x00000000e9a80000)
  from space 29696K, 60% used [0x00000000eb980000,0x00000000ecb1c1b8,0x00000000ed680000)
  to   space 30720K, 0% used [0x00000000e9a80000,0x00000000e9a80000,0x00000000eb880000)
 ParOldGen       total 87040K, used 66570K [0x0000000080000000, 0x0000000085500000, 0x00000000d5580000)
  object space 87040K, 76% used [0x0000000080000000,0x0000000084102868,0x0000000085500000)
 Metaspace       used 93189K, capacity 98398K, committed 98496K, reserved 1134592K
  class space    used 12257K, capacity 13217K, committed 13312K, reserved 1048576K
GC Heap History (10 events):
Event: 631.097 GC heap after
Heap after GC invocations=17 (full 3):
 PSYoungGen      total 289280K, used 23037K [0x00000000d5580000, 0x00000000e9480000, 0x0000000100000000)
  eden space 266240K, 0% used [0x00000000d5580000,0x00000000d5580000,0x00000000e5980000)
  from space 23040K, 99% used [0x00000000e7880000,0x00000000e8eff710,0x00000000e8f00000)
  to   space 30208K, 0% used [0x00000000e5980000,0x00000000e5980000,0x00000000e7700000)
 ParOldGen       total 87040K, used 45879K [0x0000000080000000, 0x0000000085500000, 0x00000000d5580000)
  object space 87040K, 52% used [0x0000000080000000,0x0000000082ccdd60,0x0000000085500000)
 Metaspace       used 78500K, capacity 82814K, committed 83072K, reserved 1120256K
  class space    used 10737K, capacity 11552K, committed 11648K, reserved 1048576K
}
Event: 637.606 GC heap before
{Heap before GC invocations=18 (full 3):
 PSYoungGen      total 289280K, used 289277K [0x00000000d5580000, 0x00000000e9480000, 0x0000000100000000)
  eden space 266240K, 100% used [0x00000000d5580000,0x00000000e5980000,0x00000000e5980000)
  from space 23040K, 99% used [0x00000000e7880000,0x00000000e8eff710,0x00000000e8f00000)
  to   space 30208K, 0% used [0x00000000e5980000,0x00000000e5980000,0x00000000e7700000)
 ParOldGen       total 87040K, used 45879K [0x0000000080000000, 0x0000000085500000, 0x00000000d5580000)
  object space 87040K, 52% used [0x0000000080000000,0x0000000082ccdd60,0x0000000085500000)
 Metaspace       used 81541K, capacity 85910K, committed 86144K, reserved 1124352K
  class space    used 11001K, capacity 11820K, committed 11904K, reserved 1048576K
Event: 637.647 GC heap after
Heap after GC invocations=18 (full 3):
 PSYoungGen      total 296448K, used 8670K [0x00000000d5580000, 0x00000000ebd00000, 0x0000000100000000)
  eden space 266240K, 0% used [0x00000000d5580000,0x00000000d5580000,0x00000000e5980000)
  from space 30208K, 28% used [0x00000000e5980000,0x00000000e61f7910,0x00000000e7700000)
  to   space 29184K, 0% used [0x00000000ea080000,0x00000000ea080000,0x00000000ebd00000)
 ParOldGen       total 87040K, used 66546K [0x0000000080000000, 0x0000000085500000, 0x00000000d5580000)
  object space 87040K, 76% used [0x0000000080000000,0x00000000840fc868,0x0000000085500000)
 Metaspace       used 81541K, capacity 85910K, committed 86144K, reserved 1124352K
  class space    used 11001K, capacity 11820K, committed 11904K, reserved 1048576K
}
Event: 642.672 GC heap before
{Heap before GC invocations=19 (full 3):
 PSYoungGen      total 296448K, used 274910K [0x00000000d5580000, 0x00000000ebd00000, 0x0000000100000000)
  eden space 266240K, 100% used [0x00000000d5580000,0x00000000e5980000,0x00000000e5980000)
  from space 30208K, 28% used [0x00000000e5980000,0x00000000e61f7910,0x00000000e7700000)
  to   space 29184K, 0% used [0x00000000ea080000,0x00000000ea080000,0x00000000ebd00000)
 ParOldGen       total 87040K, used 66546K [0x0000000080000000, 0x0000000085500000, 0x00000000d5580000)
  object space 87040K, 76% used [0x0000000080000000,0x00000000840fc868,0x0000000085500000)
 Metaspace       used 91972K, capacity 96914K, committed 97152K, reserved 1132544K
  class space    used 12196K, capacity 13127K, committed 13184K, reserved 1048576K
Event: 642.724 GC heap after
Heap after GC invocations=19 (full 3):
 PSYoungGen      total 336896K, used 22633K [0x00000000d5580000, 0x00000000ebf00000, 0x0000000100000000)
  eden space 307712K, 0% used [0x00000000d5580000,0x00000000d5580000,0x00000000e8200000)
  from space 29184K, 77% used [0x00000000ea080000,0x00000000eb69a600,0x00000000ebd00000)
  to   space 31232K, 0% used [0x00000000e8200000,0x00000000e8200000,0x00000000ea080000)
 ParOldGen       total 87040K, used 66554K [0x0000000080000000, 0x0000000085500000, 0x00000000d5580000)
  object space 87040K, 76% used [0x0000000080000000,0x00000000840fe868,0x0000000085500000)
 Metaspace       used 91972K, capacity 96914K, committed 97152K, reserved 1132544K
  class space    used 12196K, capacity 13127K, committed 13184K, reserved 1048576K
}
Event: 835.054 GC heap before
{Heap before GC invocations=20 (full 3):
 PSYoungGen      total 336896K, used 330345K [0x00000000d5580000, 0x00000000ebf00000, 0x0000000100000000)
  eden space 307712K, 100% used [0x00000000d5580000,0x00000000e8200000,0x00000000e8200000)
  from space 29184K, 77% used [0x00000000ea080000,0x00000000eb69a600,0x00000000ebd00000)
  to   space 31232K, 0% used [0x00000000e8200000,0x00000000e8200000,0x00000000ea080000)
 ParOldGen       total 87040K, used 66554K [0x0000000080000000, 0x0000000085500000, 0x00000000d5580000)
  object space 87040K, 76% used [0x0000000080000000,0x00000000840fe868,0x0000000085500000)
 Metaspace       used 92991K, capacity 98144K, committed 98304K, reserved 1134592K
  class space    used 12241K, capacity 13186K, committed 13312K, reserved 1048576K
Event: 835.075 GC heap after
Heap after GC invocations=20 (full 3):
 PSYoungGen      total 338944K, used 15306K [0x00000000d5580000, 0x00000000ed780000, 0x0000000100000000)
  eden space 307712K, 0% used [0x00000000d5580000,0x00000000d5580000,0x00000000e8200000)
  from space 31232K, 49% used [0x00000000e8200000,0x00000000e90f2b60,0x00000000ea080000)
  to   space 30720K, 0% used [0x00000000eb980000,0x00000000eb980000,0x00000000ed780000)
 ParOldGen       total 87040K, used 66562K [0x0000000080000000, 0x0000000085500000, 0x00000000d5580000)
  object space 87040K, 76% used [0x0000000080000000,0x0000000084100868,0x0000000085500000)
 Metaspace       used 92991K, capacity 98144K, committed 98304K, reserved 1134592K
  class space    used 12241K, capacity 13186K, committed 13312K, reserved 1048576K
}
Event: 838.706 GC heap before
{Heap before GC invocations=21 (full 3):
 PSYoungGen      total 338944K, used 221641K [0x00000000d5580000, 0x00000000ed780000, 0x0000000100000000)
  eden space 307712K, 67% used [0x00000000d5580000,0x00000000e1eff8b0,0x00000000e8200000)
  from space 31232K, 49% used [0x00000000e8200000,0x00000000e90f2b60,0x00000000ea080000)
  to   space 30720K, 0% used [0x00000000eb980000,0x00000000eb980000,0x00000000ed780000)
 ParOldGen       total 87040K, used 66562K [0x0000000080000000, 0x0000000085500000, 0x00000000d5580000)
  object space 87040K, 76% used [0x0000000080000000,0x0000000084100868,0x0000000085500000)
 Metaspace       used 93189K, capacity 98398K, committed 98496K, reserved 1134592K
  class space    used 12257K, capacity 13217K, committed 13312K, reserved 1048576K
Event: 838.735 GC heap after
Heap after GC invocations=21 (full 3):
 PSYoungGen      total 362496K, used 18032K [0x00000000d5580000, 0x00000000ed680000, 0x0000000100000000)
  eden space 332800K, 0% used [0x00000000d5580000,0x00000000d5580000,0x00000000e9a80000)
  from space 29696K, 60% used [0x00000000eb980000,0x00000000ecb1c1b8,0x00000000ed680000)
  to   space 30720K, 0% used [0x00000000e9a80000,0x00000000e9a80000,0x00000000eb880000)
 ParOldGen       total 87040K, used 66570K [0x0000000080000000, 0x0000000085500000, 0x00000000d5580000)
  object space 87040K, 76% used [0x0000000080000000,0x0000000084102868,0x0000000085500000)
 Metaspace       used 93189K, capacity 98398K, committed 98496K, reserved 1134592K
  class space    used 12257K, capacity 13217K, committed 13312K, reserved 1048576K
}
Event: 838.735 GC heap before
{Heap before GC invocations=22 (full 4):
 PSYoungGen      total 362496K, used 18032K [0x00000000d5580000, 0x00000000ed680000, 0x0000000100000000)
  eden space 332800K, 0% used [0x00000000d5580000,0x00000000d5580000,0x00000000e9a80000)
  from space 29696K, 60% used [0x00000000eb980000,0x00000000ecb1c1b8,0x00000000ed680000)
  to   space 30720K, 0% used [0x00000000e9a80000,0x00000000e9a80000,0x00000000eb880000)
 ParOldGen       total 87040K, used 66570K [0x0000000080000000, 0x0000000085500000, 0x00000000d5580000)
  object space 87040K, 76% used [0x0000000080000000,0x0000000084102868,0x0000000085500000)
 Metaspace       used 93189K, capacity 98398K, committed 98496K, reserved 1134592K
  class space    used 12257K, capacity 13217K, committed 13312K, reserved 1048576K

