# JRE version: OpenJDK Runtime Environment (8.0_242-b01) (build 1.8.0_242-release-1644-b01)
# Java VM: OpenJDK 64-Bit Server VM (25.242-b01 mixed mode windows-amd64 compressed oops)
Heap:
 PSYoungGen      total 301056K, used 24711K [0x00000000d5580000, 0x00000000ea500000, 0x0000000100000000)
  eden space 275968K, 0% used [0x00000000d5580000,0x00000000d5580000,0x00000000e6300000)
  from space 25088K, 98% used [0x00000000e6e80000,0x00000000e86a1d98,0x00000000e8700000)
  to   space 30720K, 0% used [0x00000000e8700000,0x00000000e8700000,0x00000000ea500000)
 ParOldGen       total 92672K, used 53857K [0x0000000080000000, 0x0000000085a80000, 0x00000000d5580000)
  object space 92672K, 58% used [0x0000000080000000,0x0000000083498670,0x0000000085a80000)
 Metaspace       used 93095K, capacity 98442K, committed 98496K, reserved 1134592K
  class space    used 12286K, capacity 13265K, committed 13312K, reserved 1048576K
GC Heap History (10 events):
Event: 36.626 GC heap after
Heap after GC invocations=16 (full 3):
 PSYoungGen      total 226304K, used 16110K [0x00000000d5580000, 0x00000000e7880000, 0x0000000100000000)
  eden space 206336K, 0% used [0x00000000d5580000,0x00000000d5580000,0x00000000e1f00000)
  from space 19968K, 80% used [0x00000000e1f00000,0x00000000e2ebbb40,0x00000000e3280000)
  to   space 22016K, 0% used [0x00000000e6300000,0x00000000e6300000,0x00000000e7880000)
 ParOldGen       total 92672K, used 36236K [0x0000000080000000, 0x0000000085a80000, 0x00000000d5580000)
  object space 92672K, 39% used [0x0000000080000000,0x0000000082363300,0x0000000085a80000)
 Metaspace       used 63891K, capacity 67026K, committed 67328K, reserved 1107968K
  class space    used 8786K, capacity 9410K, committed 9472K, reserved 1048576K
}
Event: 64.728 GC heap before
{Heap before GC invocations=17 (full 3):
 PSYoungGen      total 226304K, used 222446K [0x00000000d5580000, 0x00000000e7880000, 0x0000000100000000)
  eden space 206336K, 100% used [0x00000000d5580000,0x00000000e1f00000,0x00000000e1f00000)
  from space 19968K, 80% used [0x00000000e1f00000,0x00000000e2ebbb40,0x00000000e3280000)
  to   space 22016K, 0% used [0x00000000e6300000,0x00000000e6300000,0x00000000e7880000)
 ParOldGen       total 92672K, used 36236K [0x0000000080000000, 0x0000000085a80000, 0x00000000d5580000)
  object space 92672K, 39% used [0x0000000080000000,0x0000000082363300,0x0000000085a80000)
 Metaspace       used 68426K, capacity 71792K, committed 71936K, reserved 1112064K
  class space    used 9314K, capacity 9963K, committed 9984K, reserved 1048576K
Event: 64.755 GC heap after
Heap after GC invocations=17 (full 3):
 PSYoungGen      total 268800K, used 21990K [0x00000000d5580000, 0x00000000e7880000, 0x0000000100000000)
  eden space 246784K, 0% used [0x00000000d5580000,0x00000000d5580000,0x00000000e4680000)
  from space 22016K, 99% used [0x00000000e6300000,0x00000000e78799e8,0x00000000e7880000)
  to   space 25600K, 0% used [0x00000000e4680000,0x00000000e4680000,0x00000000e5f80000)
 ParOldGen       total 92672K, used 36385K [0x0000000080000000, 0x0000000085a80000, 0x00000000d5580000)
  object space 92672K, 39% used [0x0000000080000000,0x0000000082388420,0x0000000085a80000)
 Metaspace       used 68426K, capacity 71792K, committed 71936K, reserved 1112064K
  class space    used 9314K, capacity 9963K, committed 9984K, reserved 1048576K
}
Event: 72.282 GC heap before
{Heap before GC invocations=18 (full 3):
 PSYoungGen      total 268800K, used 268774K [0x00000000d5580000, 0x00000000e7880000, 0x0000000100000000)
  eden space 246784K, 100% used [0x00000000d5580000,0x00000000e4680000,0x00000000e4680000)
  from space 22016K, 99% used [0x00000000e6300000,0x00000000e78799e8,0x00000000e7880000)
  to   space 25600K, 0% used [0x00000000e4680000,0x00000000e4680000,0x00000000e5f80000)
 ParOldGen       total 92672K, used 36385K [0x0000000080000000, 0x0000000085a80000, 0x00000000d5580000)
  object space 92672K, 39% used [0x0000000080000000,0x0000000082388420,0x0000000085a80000)
 Metaspace       used 82074K, capacity 86386K, committed 86528K, reserved 1124352K
  class space    used 11133K, capacity 11943K, committed 12032K, reserved 1048576K
Event: 72.337 GC heap after
Heap after GC invocations=18 (full 3):
 PSYoungGen      total 272384K, used 25423K [0x00000000d5580000, 0x00000000eaf80000, 0x0000000100000000)
  eden space 246784K, 0% used [0x00000000d5580000,0x00000000d5580000,0x00000000e4680000)
  from space 25600K, 99% used [0x00000000e4680000,0x00000000e5f53c38,0x00000000e5f80000)
  to   space 29696K, 0% used [0x00000000e9280000,0x00000000e9280000,0x00000000eaf80000)
 ParOldGen       total 92672K, used 53841K [0x0000000080000000, 0x0000000085a80000, 0x00000000d5580000)
  object space 92672K, 58% used [0x0000000080000000,0x0000000083494670,0x0000000085a80000)
 Metaspace       used 82074K, capacity 86386K, committed 86528K, reserved 1124352K
  class space    used 11133K, capacity 11943K, committed 12032K, reserved 1048576K
}
Event: 95.071 GC heap before
{Heap before GC invocations=19 (full 3):
 PSYoungGen      total 272384K, used 272207K [0x00000000d5580000, 0x00000000eaf80000, 0x0000000100000000)
  eden space 246784K, 100% used [0x00000000d5580000,0x00000000e4680000,0x00000000e4680000)
  from space 25600K, 99% used [0x00000000e4680000,0x00000000e5f53c38,0x00000000e5f80000)
  to   space 29696K, 0% used [0x00000000e9280000,0x00000000e9280000,0x00000000eaf80000)
 ParOldGen       total 92672K, used 53841K [0x0000000080000000, 0x0000000085a80000, 0x00000000d5580000)
  object space 92672K, 58% used [0x0000000080000000,0x0000000083494670,0x0000000085a80000)
 Metaspace       used 91828K, capacity 96990K, committed 97152K, reserved 1132544K
  class space    used 12237K, capacity 13161K, committed 13184K, reserved 1048576K
Event: 95.103 GC heap after
Heap after GC invocations=19 (full 3):
 PSYoungGen      total 313344K, used 21153K [0x00000000d5580000, 0x00000000eab80000, 0x0000000100000000)
  eden space 287744K, 0% used [0x00000000d5580000,0x00000000d5580000,0x00000000e6e80000)
  from space 25600K, 82% used [0x00000000e9280000,0x00000000ea728480,0x00000000eab80000)
  to   space 31232K, 0% used [0x00000000e6e80000,0x00000000e6e80000,0x00000000e8d00000)
 ParOldGen       total 92672K, used 53849K [0x0000000080000000, 0x0000000085a80000, 0x00000000d5580000)
  object space 92672K, 58% used [0x0000000080000000,0x0000000083496670,0x0000000085a80000)
 Metaspace       used 91828K, capacity 96990K, committed 97152K, reserved 1132544K
  class space    used 12237K, capacity 13161K, committed 13184K, reserved 1048576K
}
Event: 386.888 GC heap before
{Heap before GC invocations=20 (full 3):
 PSYoungGen      total 313344K, used 293317K [0x00000000d5580000, 0x00000000eab80000, 0x0000000100000000)
  eden space 287744K, 94% used [0x00000000d5580000,0x00000000e5f49120,0x00000000e6e80000)
  from space 25600K, 82% used [0x00000000e9280000,0x00000000ea728480,0x00000000eab80000)
  to   space 31232K, 0% used [0x00000000e6e80000,0x00000000e6e80000,0x00000000e8d00000)
 ParOldGen       total 92672K, used 53849K [0x0000000080000000, 0x0000000085a80000, 0x00000000d5580000)
  object space 92672K, 58% used [0x0000000080000000,0x0000000083496670,0x0000000085a80000)
 Metaspace       used 93095K, capacity 98442K, committed 98496K, reserved 1134592K
  class space    used 12286K, capacity 13265K, committed 13312K, reserved 1048576K
Event: 386.974 GC heap after
Heap after GC invocations=20 (full 3):
 PSYoungGen      total 301056K, used 24711K [0x00000000d5580000, 0x00000000ea500000, 0x0000000100000000)
  eden space 275968K, 0% used [0x00000000d5580000,0x00000000d5580000,0x00000000e6300000)
  from space 25088K, 98% used [0x00000000e6e80000,0x00000000e86a1d98,0x00000000e8700000)
  to   space 30720K, 0% used [0x00000000e8700000,0x00000000e8700000,0x00000000ea500000)
 ParOldGen       total 92672K, used 53857K [0x0000000080000000, 0x0000000085a80000, 0x00000000d5580000)
  object space 92672K, 58% used [0x0000000080000000,0x0000000083498670,0x0000000085a80000)
 Metaspace       used 93095K, capacity 98442K, committed 98496K, reserved 1134592K
  class space    used 12286K, capacity 13265K, committed 13312K, reserved 1048576K
}
Event: 386.974 GC heap before
{Heap before GC invocations=21 (full 4):
 PSYoungGen      total 301056K, used 24711K [0x00000000d5580000, 0x00000000ea500000, 0x0000000100000000)
  eden space 275968K, 0% used [0x00000000d5580000,0x00000000d5580000,0x00000000e6300000)
  from space 25088K, 98% used [0x00000000e6e80000,0x00000000e86a1d98,0x00000000e8700000)
  to   space 30720K, 0% used [0x00000000e8700000,0x00000000e8700000,0x00000000ea500000)
 ParOldGen       total 92672K, used 53857K [0x0000000080000000, 0x0000000085a80000, 0x00000000d5580000)
  object space 92672K, 58% used [0x0000000080000000,0x0000000083498670,0x0000000085a80000)
 Metaspace       used 93095K, capacity 98442K, committed 98496K, reserved 1134592K
  class space    used 12286K, capacity 13265K, committed 13312K, reserved 1048576K

